0 info it worked if it ends with ok
1 verbose cli [ '/usr/local/bin/node',
1 verbose cli   '/usr/local/bin/npm',
1 verbose cli   'install',
1 verbose cli   '-g',
1 verbose cli   'ios-deploy' ]
2 info using npm@3.3.12
3 info using node@v5.3.0
4 silly loadCurrentTree Starting
5 silly install loadCurrentTree
6 silly install readGlobalPackageData
7 silly fetchPackageMetaData ios-deploy
8 silly fetchNamedPackageData ios-deploy
9 silly mapToRegistry name ios-deploy
10 silly mapToRegistry using default registry
11 silly mapToRegistry registry https://registry.npmjs.org/
12 silly mapToRegistry uri https://registry.npmjs.org/ios-deploy
13 verbose request uri https://registry.npmjs.org/ios-deploy
14 verbose request no auth needed
15 info attempt registry request try #1 at 15:07:42
16 verbose request id 9aaedea936b4a79d
17 verbose etag "4CUS9875CC3DGHUBAFHHN6HOD"
18 http request GET https://registry.npmjs.org/ios-deploy
19 http 304 https://registry.npmjs.org/ios-deploy
20 verbose headers { date: 'Sun, 03 Apr 2016 13:07:43 GMT',
20 verbose headers   via: '1.1 varnish',
20 verbose headers   'cache-control': 'max-age=300',
20 verbose headers   etag: '"4CUS9875CC3DGHUBAFHHN6HOD"',
20 verbose headers   age: '40',
20 verbose headers   connection: 'keep-alive',
20 verbose headers   'x-served-by': 'cache-lcy1120-LCY',
20 verbose headers   'x-cache': 'HIT',
20 verbose headers   'x-cache-hits': '1',
20 verbose headers   'x-timer': 'S1459688863.594148,VS0,VE0',
20 verbose headers   vary: 'Accept' }
21 silly get cb [ 304,
21 silly get   { date: 'Sun, 03 Apr 2016 13:07:43 GMT',
21 silly get     via: '1.1 varnish',
21 silly get     'cache-control': 'max-age=300',
21 silly get     etag: '"4CUS9875CC3DGHUBAFHHN6HOD"',
21 silly get     age: '40',
21 silly get     connection: 'keep-alive',
21 silly get     'x-served-by': 'cache-lcy1120-LCY',
21 silly get     'x-cache': 'HIT',
21 silly get     'x-cache-hits': '1',
21 silly get     'x-timer': 'S1459688863.594148,VS0,VE0',
21 silly get     vary: 'Accept' } ]
22 verbose etag https://registry.npmjs.org/ios-deploy from cache
23 verbose get saving ios-deploy to /Users/hacktar/.npm/registry.npmjs.org/ios-deploy/.cache.json
24 silly install normalizeTree
25 silly loadCurrentTree Finishing
26 silly loadIdealTree Starting
27 silly install loadIdealTree
28 silly cloneCurrentTree Starting
29 silly install cloneCurrentTreeToIdealTree
30 silly cloneCurrentTree Finishing
31 silly loadShrinkwrap Starting
32 silly install loadShrinkwrap
33 silly loadShrinkwrap Finishing
34 silly loadAllDepsIntoIdealTree Starting
35 silly install loadAllDepsIntoIdealTree
36 silly resolveWithNewModule ios-deploy@1.8.5 checking installable status
37 silly cache add args [ 'ios-deploy', null ]
38 verbose cache add spec ios-deploy
39 silly cache add parsed spec Result {
39 silly cache add   raw: 'ios-deploy',
39 silly cache add   scope: null,
39 silly cache add   name: 'ios-deploy',
39 silly cache add   rawSpec: '',
39 silly cache add   spec: '*',
39 silly cache add   type: 'range' }
40 silly addNamed ios-deploy@*
41 verbose addNamed "*" is a valid semver range for ios-deploy
42 silly addNameRange { name: 'ios-deploy', range: '*', hasData: false }
43 silly mapToRegistry name ios-deploy
44 silly mapToRegistry using default registry
45 silly mapToRegistry registry https://registry.npmjs.org/
46 silly mapToRegistry uri https://registry.npmjs.org/ios-deploy
47 verbose addNameRange registry:https://registry.npmjs.org/ios-deploy not in flight; fetching
48 verbose get https://registry.npmjs.org/ios-deploy not expired, no request
49 silly addNameRange number 2 { name: 'ios-deploy', range: '*', hasData: true }
50 silly addNameRange versions [ 'ios-deploy',
50 silly addNameRange   [ '1.0.1',
50 silly addNameRange     '1.0.2',
50 silly addNameRange     '1.0.3',
50 silly addNameRange     '1.0.4',
50 silly addNameRange     '1.0.5',
50 silly addNameRange     '1.0.6',
50 silly addNameRange     '1.0.7',
50 silly addNameRange     '1.0.8',
50 silly addNameRange     '1.0.9',
50 silly addNameRange     '1.1.0',
50 silly addNameRange     '1.2.0',
50 silly addNameRange     '1.3.0',
50 silly addNameRange     '1.3.1',
50 silly addNameRange     '1.3.2',
50 silly addNameRange     '1.4.0',
50 silly addNameRange     '1.5.0',
50 silly addNameRange     '1.6.0',
50 silly addNameRange     '1.6.1',
50 silly addNameRange     '1.6.2',
50 silly addNameRange     '1.6.3',
50 silly addNameRange     '1.7.0',
50 silly addNameRange     '1.8.0',
50 silly addNameRange     '1.8.1',
50 silly addNameRange     '1.8.2',
50 silly addNameRange     '1.8.3',
50 silly addNameRange     '1.8.4',
50 silly addNameRange     '1.8.5' ] ]
51 silly addNamed ios-deploy@1.8.5
52 verbose addNamed "1.8.5" is a plain semver version for ios-deploy
53 silly cache afterAdd ios-deploy@1.8.5
54 verbose afterAdd /Users/hacktar/.npm/ios-deploy/1.8.5/package/package.json not in flight; writing
55 verbose afterAdd /Users/hacktar/.npm/ios-deploy/1.8.5/package/package.json written
56 silly loadAllDepsIntoIdealTree Finishing
57 silly idealTree:prePrune lib
57 silly idealTree:prePrune └── ios-deploy@1.8.5
58 silly loadIdealTree Finishing
59 silly currentTree lib
60 silly idealTree lib
60 silly idealTree └── ios-deploy@1.8.5
61 silly generateActionsToTake Starting
62 silly install generateActionsToTake
63 warn checkPermissions Missing write access to /usr/local/lib/node_modules
64 silly rollbackFailedOptional Starting
65 silly rollbackFailedOptional Finishing
66 silly runTopLevelLifecycles Starting
67 silly runTopLevelLifecycles Finishing
68 silly install printInstalled
69 verbose stack Error: EACCES: permission denied, access '/usr/local/lib/node_modules'
69 verbose stack     at Error (native)
70 verbose cwd /Users/hacktar/Code/LETH
71 error Darwin 15.3.0
72 error argv "/usr/local/bin/node" "/usr/local/bin/npm" "install" "-g" "ios-deploy"
73 error node v5.3.0
74 error npm  v3.3.12
75 error path /usr/local/lib/node_modules
76 error code EACCES
77 error errno -13
78 error syscall access
79 error Error: EACCES: permission denied, access '/usr/local/lib/node_modules'
79 error     at Error (native)
79 error  { [Error: EACCES: permission denied, access '/usr/local/lib/node_modules']
79 error   errno: -13,
79 error   code: 'EACCES',
79 error   syscall: 'access',
79 error   path: '/usr/local/lib/node_modules' }
80 error Please try running this command again as root/Administrator.
81 verbose exit [ -13, true ]
